QMK Firmware 0.17.0
Making [1mergodox_ez/glow[0m with keymap [1md273ad2186fa5be858fe[0m

avr-gcc (GCC) 5.4.0
Copyright (C) 2015 Free Software Foundation, Inc.
This is free software; see the source for copying conditions.  There is NO
warranty; not even for MERCHANTABILITY or FITNESS FOR A PARTICULAR PURPOSE.

Compiling: keyboards/ergodox_ez/matrix.c                                                           Compiling: keyboards/ergodox_ez/ergodox_ez.c                                                       Compiling: .build/obj_ergodox_ez_glow/src/default_keyboard.c                                       Compiling: keyboards/ergodox_ez/keymaps/d273ad2186fa5be858fe/keymap.c                              Compiling: quantum/quantum.c                                                                       Compiling: quantum/send_string.c                                                                    [32;01m[OK][0m
Compiling: quantum/bitwise.c                                                                        [32;01m[OK][0m
 [32;01m[OK][0m
 [32;01m[OK][0m
Compiling: quantum/led.c                                                                           Compiling: quantum/action.c                                                                        Compiling: quantum/action_layer.c                                                                   [32;01m[OK][0m
 [32;01m[OK][0m
Compiling: quantum/action_tapping.c                                                                 [32;01m[OK][0m
Compiling: quantum/eeconfig.c                                                                      Compiling: quantum/action_util.c                                                                    [32;01m[OK][0m
Compiling: quantum/keyboard.c                                                                       [32;01m[OK][0m
 [32;01m[OK][0m
Compiling: quantum/keymap_common.c                                                                 Compiling: quantum/keycode_config.c                                                                 [32;01m[OK][0m
 [32;01m[OK][0m
 [32;01m[OK][0m
 [32;01m[OK][0m
Compiling: quantum/sync_timer.c                                                                    Compiling: quantum/logging/debug.c                                                                 Compiling: quantum/bootmagic/magic.c                                                               Compiling: quantum/logging/sendchar.c                                                               [32;01m[OK][0m
 [32;01m[OK][0m
Compiling: quantum/matrix_common.c                                                                 Compiling: quantum/debounce/sym_eager_pr.c                                                          [32;01m[OK][0m
 [32;01m[OK][0m
Compiling: quantum/main.c                                                                          Compiling: quantum/color.c                                                                          [32;01m[OK][0m
 [32;01m[OK][0m
 [32;01m[OK][0m
Compiling: quantum/rgb_matrix/rgb_matrix.c                                                         Compiling: quantum/rgb_matrix/rgb_matrix_drivers.c                                                 Compiling: lib/lib8tion/lib8tion.c                                                                  [32;01m[OK][0m
Compiling: drivers/led/issi/is31fl3731.c                                                            [32;01m[OK][0m
 [32;01m[OK][0m
 [32;01m[OK][0m
Compiling: quantum/process_keycode/process_rgb.c                                                   Compiling: quantum/led_tables.c                                                                    Compiling: platforms/avr/drivers/i2c_master.c                                                       [32;01m[OK][0m
Assembling: platforms/avr/xprintf.S                                                                 [32;01m[OK][0m
 [32;01m[OK][0m
Compiling: platforms/avr/printf.c                                                                   [32;01m[OK][0m
Compiling: tmk_core/protocol/host.c                                                                Compiling: tmk_core/protocol/report.c                                                               [32;01m[OK][0m
 [32;01m[OK][0m
Compiling: tmk_core/protocol/usb_util.c                                                            Compiling: tmk_core/protocol/usb_device_state.c                                                     [32;01m[OK][0m
Compiling: platforms/suspend.c                                                                      [32;01m[OK][0m
Compiling: platforms/avr/hardware_id.c                                                              [32;01m[OK][0m
 [32;01m[OK][0m
Compiling: platforms/avr/platform.c                                                                 [32;01m[OK][0m
Compiling: platforms/avr/suspend.c                                                                 Compiling: platforms/avr/timer.c                                                                    [32;01m[OK][0m
Compiling: platforms/avr/bootloaders/halfkay.c                                                      [32;01m[OK][0m
Compiling: tmk_core/protocol/lufa/lufa.c                                                            [32;01m[OK][0m
 [32;01m[OK][0m
Compiling: tmk_core/protocol/usb_descriptor.c                                                      Compiling: lib/lufa/LUFA/Drivers/USB/Class/Common/HIDParser.c                                       [32;01m[OK][0m
 [32;01m[OK][0m
Compiling: lib/lufa/LUFA/Drivers/USB/Core/AVR8/Device_AVR8.c                                       Compiling: lib/lufa/LUFA/Drivers/USB/Core/AVR8/EndpointStream_AVR8.c                                [32;01m[OK][0m
 [32;01m[OK][0m
Compiling: lib/lufa/LUFA/Drivers/USB/Core/AVR8/Endpoint_AVR8.c                                      [32;01m[OK][0m
 [32;01m[OK][0m
Compiling: lib/lufa/LUFA/Drivers/USB/Core/AVR8/Host_AVR8.c                                         Compiling: lib/lufa/LUFA/Drivers/USB/Core/AVR8/PipeStream_AVR8.c                                   Compiling: lib/lufa/LUFA/Drivers/USB/Core/AVR8/Pipe_AVR8.c                                          [32;01m[OK][0m
Compiling: lib/lufa/LUFA/Drivers/USB/Core/AVR8/USBController_AVR8.c                                 [32;01m[OK][0m
 [32;01m[OK][0m
 [32;01m[OK][0m
Compiling: lib/lufa/LUFA/Drivers/USB/Core/AVR8/USBInterrupt_AVR8.c                                 Compiling: lib/lufa/LUFA/Drivers/USB/Core/ConfigDescriptors.c                                      Compiling: lib/lufa/LUFA/Drivers/USB/Core/DeviceStandardReq.c                                       [32;01m[OK][0m
 [32;01m[OK][0m
Compiling: lib/lufa/LUFA/Drivers/USB/Core/Events.c                                                 Compiling: lib/lufa/LUFA/Drivers/USB/Core/HostStandardReq.c                                         [32;01m[OK][0m
Compiling: lib/lufa/LUFA/Drivers/USB/Core/USBTask.c                                                 [32;01m[OK][0m
 [32;01m[OK][0m
 [32;01m[OK][0m
Compiling: tmk_core/protocol/lufa/usb_util.c                                                        [32;01m[OK][0m
Archiving: .build/obj_ergodox_ez_glow_d273ad2186fa5be858fe/i2c_master.o                             [32;01m[OK][0m
 [32;01m[OK][0m
 [32;01m[OK][0m
 [32;01m[OK][0m
Linking: .build/ergodox_ez_glow_d273ad2186fa5be858fe.elf                                            [32;01m[OK][0m
Creating load file for flashing: .build/ergodox_ez_glow_d273ad2186fa5be858fe.hex                    [32;01m[OK][0m
Copying ergodox_ez_glow_d273ad2186fa5be858fe.hex to qmk_firmware folder                             [32;01m[OK][0m
Checking file size of ergodox_ez_glow_d273ad2186fa5be858fe.hex                                      [32;01m[OK][0m
 * The firmware size is fine - 23158/32256 (71%, 9098 bytes free)
